<?xml version="1.0" encoding="UTF-8"?>
<!-- Generated by org.testng.reporters.JUnitXMLReporter -->
<testsuite hostname="105344-005L" ignored="1" name="Dashboard Tests" tests="10" failures="1" timestamp="30 Jan 2023 09:17:20 GMT" time="109.681" errors="0">
  <testcase name="tc_IpriceDress" time="0.133" classname="com.automation.aproject.TS_Iprice">
    <failure type="org.testng.internal.reflect.MethodMatcherException" message="
Data provider mismatch
Method: tc_IpriceDress([Parameter{index=0, type=java.lang.String, declaredAnnotations=[]}, Parameter{index=1, type=java.lang.String, declaredAnnotations=[]}, Parameter{index=2, type=java.lang.String, declaredAnnotations=[]}])
Arguments: [(java.lang.String) https://iprice.my/clothing/dresses/,(java.lang.String) 1000,(java.lang.String) RM,(java.lang.String) RM]">
      <![CDATA[org.testng.internal.reflect.MethodMatcherException: 
Data provider mismatch
Method: tc_IpriceDress([Parameter{index=0, type=java.lang.String, declaredAnnotations=[]}, Parameter{index=1, type=java.lang.String, declaredAnnotations=[]}, Parameter{index=2, type=java.lang.String, declaredAnnotations=[]}])
Arguments: [(java.lang.String) https://iprice.my/clothing/dresses/,(java.lang.String) 1000,(java.lang.String) RM,(java.lang.String) RM]
at org.testng.internal.reflect.DataProviderMethodMatcher.getConformingArguments(DataProviderMethodMatcher.java:45)
at org.testng.internal.Parameters.injectParameters(Parameters.java:796)
at org.testng.internal.Invoker.invokeTestMethods(Invoker.java:983)
at org.testng.internal.TestMethodWorker.invokeTestMethods(TestMethodWorker.java:125)
at org.testng.internal.TestMethodWorker.run(TestMethodWorker.java:109)
at org.testng.TestRunner.privateRun(TestRunner.java:648)
at org.testng.TestRunner.run(TestRunner.java:505)
at org.testng.SuiteRunner.runTest(SuiteRunner.java:455)
at org.testng.SuiteRunner.runSequentially(SuiteRunner.java:450)
at org.testng.SuiteRunner.privateRun(SuiteRunner.java:415)
at org.testng.SuiteRunner.run(SuiteRunner.java:364)
at org.testng.SuiteRunnerWorker.runSuite(SuiteRunnerWorker.java:52)
at org.testng.SuiteRunnerWorker.run(SuiteRunnerWorker.java:84)
at org.testng.TestNG.runSuitesSequentially(TestNG.java:1208)
at org.testng.TestNG.runSuitesLocally(TestNG.java:1137)
at org.testng.TestNG.runSuites(TestNG.java:1049)
at org.testng.TestNG.run(TestNG.java:1017)
at org.testng.remote.AbstractRemoteTestNG.run(AbstractRemoteTestNG.java:115)
at org.testng.remote.RemoteTestNG.initAndRun(RemoteTestNG.java:251)
at org.testng.remote.RemoteTestNG.main(RemoteTestNG.java:77)
]]>
    </failure>
  </testcase> <!-- tc_IpriceDress -->
  <testcase name="tc_IpriceIphone" time="27.688" classname="com.automation.aproject.TS_Iprice"/>
  <testcase name="tc_IpriceLaptop" time="46.289" classname="com.automation.aproject.TS_Iprice"/>
  <testcase name="tc_CreateBooking" time="3.379" classname="com.automation.aproject.TS_WebService"/>
  <testcase name="tc_CreateBooking" time="1.496" classname="com.automation.aproject.TS_WebService"/>
  <testcase name="tc_CreateBooking" time="1.551" classname="com.automation.aproject.TS_WebService"/>
  <testcase name="tc_CreateBooking" time="1.558" classname="com.automation.aproject.TS_WebService"/>
  <testcase name="tc_CreateBooking" time="1.522" classname="com.automation.aproject.TS_WebService"/>
  <testcase name="tc_CreateBooking" time="1.441" classname="com.automation.aproject.TS_WebService"/>
  <testcase name="tc_CreateBooking" time="1.478" classname="com.automation.aproject.TS_WebService"/>
  <testcase name="@BeforeTest before" time="0.0" classname="com.automation.framework.TestBase">
    <ignored/>
  </testcase> <!-- @BeforeTest before -->
</testsuite> <!-- Dashboard Tests -->
